<?xml version="1.0" encoding="UTF-8"?>
<!-- Generated by org.testng.reporters.JUnitReportReporter -->
<testsuite hostname="JMS-Developer-9.local" name="com.slackassessment.test.FileUploadTests" tests="2" failures="0" timestamp="15 Apr 2019 20:37:23 GMT" time="6.141" errors="0">
  <testcase name="testFileUploadValidFiles" time="2.841" classname="com.slackassessment.test.FileUploadTests"/>
  <testcase name="fileUploadHappyPathTest" time="3.300" classname="com.slackassessment.test.FileUploadTests"/>
</testsuite> <!-- com.slackassessment.test.FileUploadTests -->
