<?xml version="1.0" encoding="UTF-8"?>
<!-- Generated by org.testng.reporters.JUnitReportReporter -->
<testsuite hostname="JMS-Developer-9.local" name="com.slackassessment.test.FileDeleteTests" tests="3" failures="0" timestamp="15 Apr 2019 20:37:23 GMT" time="5.198" errors="0">
  <testcase name="fileDeleteHappyPathTest" time="2.193" classname="com.slackassessment.test.FileDeleteTests"/>
  <testcase name="fileDeleteNonExistentFileTest" time="0.105" classname="com.slackassessment.test.FileDeleteTests"/>
  <testcase name="fileDeleteConfirmTest" time="2.900" classname="com.slackassessment.test.FileDeleteTests"/>
</testsuite> <!-- com.slackassessment.test.FileDeleteTests -->
