<?xml version="1.0" encoding="UTF-8"?>
<!-- Generated by org.testng.reporters.JUnitReportReporter -->
<testsuite hostname="JMS-Developer-9.local" name="com.slackassessment.test.FileListTests" tests="3" failures="0" timestamp="15 Apr 2019 20:37:23 GMT" time="26.470" errors="0">
  <testcase name="fileListPreviouslyUploadedExistsTest" time="0.517" classname="com.slackassessment.test.FileListTests"/>
  <testcase name="fileListHappyPathTest" time="2.972" classname="com.slackassessment.test.FileListTests"/>
  <testcase name="fileListJustUploadExistsTest" time="22.981" classname="com.slackassessment.test.FileListTests"/>
</testsuite> <!-- com.slackassessment.test.FileListTests -->
